Traceback (most recent call last):
  File "C:\Users\operacioniopeldar\AppData\Local\anaconda3\envs\bancolombia\lib\site-packages\jupyter_cache\executors\utils.py", line 58, in single_nb_execution
    executenb(
  File "C:\Users\operacioniopeldar\AppData\Local\anaconda3\envs\bancolombia\lib\site-packages\nbclient\client.py", line 1204, in execute
    return NotebookClient(nb=nb, resources=resources, km=km, **kwargs).execute()
  File "C:\Users\operacioniopeldar\AppData\Local\anaconda3\envs\bancolombia\lib\site-packages\nbclient\util.py", line 84, in wrapped
    return just_run(coro(*args, **kwargs))
  File "C:\Users\operacioniopeldar\AppData\Local\anaconda3\envs\bancolombia\lib\site-packages\nbclient\util.py", line 62, in just_run
    return loop.run_until_complete(coro)
  File "C:\Users\operacioniopeldar\AppData\Local\anaconda3\envs\bancolombia\lib\asyncio\base_events.py", line 647, in run_until_complete
    return future.result()
  File "C:\Users\operacioniopeldar\AppData\Local\anaconda3\envs\bancolombia\lib\site-packages\nbclient\client.py", line 663, in async_execute
    await self.async_execute_cell(
  File "C:\Users\operacioniopeldar\AppData\Local\anaconda3\envs\bancolombia\lib\site-packages\nbclient\client.py", line 965, in async_execute_cell
    await self._check_raise_for_error(cell, cell_index, exec_reply)
  File "C:\Users\operacioniopeldar\AppData\Local\anaconda3\envs\bancolombia\lib\site-packages\nbclient\client.py", line 862, in _check_raise_for_error
    raise CellExecutionError.from_cell_and_msg(cell, exec_reply_content)
nbclient.exceptions.CellExecutionError: An error occurred while executing the following cell:
------------------
matrix = front_hour.pivot(index='day', columns='hour', values='value')

if (matrix.shape[0] > 0) & (matrix.shape[1] > 0):
    data = grp.pivoted_dataframe_to_plotly_heatmap(matrix)
    grp.hourly_heatmap(
        data,
        title=f"Frontera: Consumo total de energía activa [kWh] en {month_name}"
    )
------------------

[1;31m---------------------------------------------------------------------------[0m
[1;31mValueError[0m                                Traceback (most recent call last)
Cell [1;32mIn[17], line 5[0m
[0;32m      3[0m [38;5;28;01mif[39;00m (matrix[38;5;241m.[39mshape[[38;5;241m0[39m] [38;5;241m>[39m [38;5;241m0[39m) [38;5;241m&[39m (matrix[38;5;241m.[39mshape[[38;5;241m1[39m] [38;5;241m>[39m [38;5;241m0[39m):
[0;32m      4[0m     data [38;5;241m=[39m grp[38;5;241m.[39mpivoted_dataframe_to_plotly_heatmap(matrix)
[1;32m----> 5[0m     [43mgrp[49m[38;5;241;43m.[39;49m[43mhourly_heatmap[49m[43m([49m
[0;32m      6[0m [43m        [49m[43mdata[49m[43m,[49m
[0;32m      7[0m [43m        [49m[43mtitle[49m[38;5;241;43m=[39;49m[38;5;124;43mf[39;49m[38;5;124;43m"[39;49m[38;5;124;43mFrontera: Consumo total de energía activa [kWh] en [39;49m[38;5;132;43;01m{[39;49;00m[43mmonth_name[49m[38;5;132;43;01m}[39;49;00m[38;5;124;43m"[39;49m
[0;32m      8[0m [43m    [49m[43m)[49m

File [1;32mC:\Digitalización\Bancolombia\Informe_Mensual_fase2\library_report_v2.py:711[0m, in [0;36mGraphing.hourly_heatmap[1;34m(data, title)[0m
[0;32m    703[0m     zero [38;5;241m=[39m [38;5;28mabs[39m(minval) [38;5;241m/[39m [38;5;28mabs[39m(delta)
[0;32m    704[0m     colorscale [38;5;241m=[39m [
[0;32m    705[0m         ([38;5;241m0[39m, Configuration[38;5;241m.[39mFULL_PALETTE[[38;5;241m1[39m]),
[0;32m    706[0m         (zero, [38;5;124m'[39m[38;5;124m#FFFFFF[39m[38;5;124m'[39m),
[0;32m    707[0m         ([38;5;241m1[39m, Configuration[38;5;241m.[39mFULL_PALETTE[[38;5;241m0[39m])
[0;32m    708[0m     ]
[0;32m    710[0m fig [38;5;241m=[39m go[38;5;241m.[39mFigure(
[1;32m--> 711[0m     data[38;5;241m=[39m[43mgo[49m[38;5;241;43m.[39;49m[43mHeatmap[49m[43m([49m
[0;32m    712[0m [43m        [49m[43mdata[49m[43m,[49m
[0;32m    713[0m [43m        [49m[43mcolorscale[49m[38;5;241;43m=[39;49m[43mcolorscale[49m
[0;32m    714[0m [43m    [49m[43m)[49m
[0;32m    715[0m )
[0;32m    717[0m fig[38;5;241m.[39mupdate_yaxes(autorange[38;5;241m=[39m[38;5;124m'[39m[38;5;124mreversed[39m[38;5;124m'[39m) 
[0;32m    718[0m fig[38;5;241m.[39mupdate_layout(
[0;32m    719[0m     title[38;5;241m=[39mtitle,
[0;32m    720[0m     font_family[38;5;241m=[39mConfiguration[38;5;241m.[39mCELSIA_FONT,
[1;32m   (...)[0m
[0;32m    731[0m     )
[0;32m    732[0m )

File [1;32m~\AppData\Local\anaconda3\envs\bancolombia\lib\site-packages\plotly\graph_objs\_heatmap.py:2870[0m, in [0;36mHeatmap.__init__[1;34m(self, arg, autocolorscale, coloraxis, colorbar, colorscale, connectgaps, customdata, customdatasrc, dx, dy, hoverinfo, hoverinfosrc, hoverlabel, hoverongaps, hovertemplate, hovertemplatesrc, hovertext, hovertextsrc, ids, idssrc, legendgroup, legendgrouptitle, legendrank, legendwidth, meta, metasrc, name, opacity, reversescale, showlegend, showscale, stream, text, textfont, textsrc, texttemplate, transpose, uid, uirevision, visible, x, x0, xaxis, xcalendar, xgap, xhoverformat, xperiod, xperiod0, xperiodalignment, xsrc, xtype, y, y0, yaxis, ycalendar, ygap, yhoverformat, yperiod, yperiod0, yperiodalignment, ysrc, ytype, z, zauto, zhoverformat, zmax, zmid, zmin, zsmooth, zsrc, **kwargs)[0m
[0;32m   2868[0m _v [38;5;241m=[39m colorscale [38;5;28;01mif[39;00m colorscale [38;5;129;01mis[39;00m [38;5;129;01mnot[39;00m [38;5;28;01mNone[39;00m [38;5;28;01melse[39;00m _v
[0;32m   2869[0m [38;5;28;01mif[39;00m _v [38;5;129;01mis[39;00m [38;5;129;01mnot[39;00m [38;5;28;01mNone[39;00m:
[1;32m-> 2870[0m     [38;5;28;43mself[39;49m[43m[[49m[38;5;124;43m"[39;49m[38;5;124;43mcolorscale[39;49m[38;5;124;43m"[39;49m[43m][49m [38;5;241m=[39m _v
[0;32m   2871[0m _v [38;5;241m=[39m arg[38;5;241m.[39mpop([38;5;124m"[39m[38;5;124mconnectgaps[39m[38;5;124m"[39m, [38;5;28;01mNone[39;00m)
[0;32m   2872[0m _v [38;5;241m=[39m connectgaps [38;5;28;01mif[39;00m connectgaps [38;5;129;01mis[39;00m [38;5;129;01mnot[39;00m [38;5;28;01mNone[39;00m [38;5;28;01melse[39;00m _v

File [1;32m~\AppData\Local\anaconda3\envs\bancolombia\lib\site-packages\plotly\basedatatypes.py:4859[0m, in [0;36mBasePlotlyType.__setitem__[1;34m(self, prop, value)[0m
[0;32m   4855[0m         [38;5;28mself[39m[38;5;241m.[39m_set_array_prop(prop, value)
[0;32m   4857[0m     [38;5;66;03m# ### Handle simple property ###[39;00m
[0;32m   4858[0m     [38;5;28;01melse[39;00m:
[1;32m-> 4859[0m         [38;5;28;43mself[39;49m[38;5;241;43m.[39;49m[43m_set_prop[49m[43m([49m[43mprop[49m[43m,[49m[43m [49m[43mvalue[49m[43m)[49m
[0;32m   4860[0m [38;5;28;01melse[39;00m:
[0;32m   4861[0m     [38;5;66;03m# Make sure properties dict is initialized[39;00m
[0;32m   4862[0m     [38;5;28mself[39m[38;5;241m.[39m_init_props()

File [1;32m~\AppData\Local\anaconda3\envs\bancolombia\lib\site-packages\plotly\basedatatypes.py:5203[0m, in [0;36mBasePlotlyType._set_prop[1;34m(self, prop, val)[0m
[0;32m   5201[0m         [38;5;28;01mreturn[39;00m
[0;32m   5202[0m     [38;5;28;01melse[39;00m:
[1;32m-> 5203[0m         [38;5;28;01mraise[39;00m err
[0;32m   5205[0m [38;5;66;03m# val is None[39;00m
[0;32m   5206[0m [38;5;66;03m# -----------[39;00m
[0;32m   5207[0m [38;5;28;01mif[39;00m val [38;5;129;01mis[39;00m [38;5;28;01mNone[39;00m:
[0;32m   5208[0m     [38;5;66;03m# Check if we should send null update[39;00m

File [1;32m~\AppData\Local\anaconda3\envs\bancolombia\lib\site-packages\plotly\basedatatypes.py:5198[0m, in [0;36mBasePlotlyType._set_prop[1;34m(self, prop, val)[0m
[0;32m   5195[0m validator [38;5;241m=[39m [38;5;28mself[39m[38;5;241m.[39m_get_validator(prop)
[0;32m   5197[0m [38;5;28;01mtry[39;00m:
[1;32m-> 5198[0m     val [38;5;241m=[39m [43mvalidator[49m[38;5;241;43m.[39;49m[43mvalidate_coerce[49m[43m([49m[43mval[49m[43m)[49m
[0;32m   5199[0m [38;5;28;01mexcept[39;00m [38;5;167;01mValueError[39;00m [38;5;28;01mas[39;00m err:
[0;32m   5200[0m     [38;5;28;01mif[39;00m [38;5;28mself[39m[38;5;241m.[39m_skip_invalid:

File [1;32m~\AppData\Local\anaconda3\envs\bancolombia\lib\site-packages\_plotly_utils\basevalidators.py:1643[0m, in [0;36mColorscaleValidator.validate_coerce[1;34m(self, v)[0m
[0;32m   1638[0m             v [38;5;241m=[39m [
[0;32m   1639[0m                 [e[[38;5;241m0[39m], ColorValidator[38;5;241m.[39mperform_validate_coerce(e[[38;5;241m1[39m])] [38;5;28;01mfor[39;00m e [38;5;129;01min[39;00m v
[0;32m   1640[0m             ]
[0;32m   1642[0m [38;5;28;01mif[39;00m [38;5;129;01mnot[39;00m v_valid:
[1;32m-> 1643[0m     [38;5;28;43mself[39;49m[38;5;241;43m.[39;49m[43mraise_invalid_val[49m[43m([49m[43mv[49m[43m)[49m
[0;32m   1645[0m [38;5;28;01mreturn[39;00m v

File [1;32m~\AppData\Local\anaconda3\envs\bancolombia\lib\site-packages\_plotly_utils\basevalidators.py:288[0m, in [0;36mBaseValidator.raise_invalid_val[1;34m(self, v, inds)[0m
[0;32m    285[0m             [38;5;28;01mfor[39;00m i [38;5;129;01min[39;00m inds:
[0;32m    286[0m                 name [38;5;241m+[39m[38;5;241m=[39m [38;5;124m"[39m[38;5;124m[[39m[38;5;124m"[39m [38;5;241m+[39m [38;5;28mstr[39m(i) [38;5;241m+[39m [38;5;124m"[39m[38;5;124m][39m[38;5;124m"[39m
[1;32m--> 288[0m         [38;5;28;01mraise[39;00m [38;5;167;01mValueError[39;00m(
[0;32m    289[0m [38;5;250m            [39m[38;5;124;03m"""[39;00m
[0;32m    290[0m [38;5;124;03m    Invalid value of type {typ} received for the '{name}' property of {pname}[39;00m
[0;32m    291[0m [38;5;124;03m        Received value: {v}[39;00m
[0;32m    292[0m 
[0;32m    293[0m [38;5;124;03m{valid_clr_desc}"""[39;00m[38;5;241m.[39mformat(
[0;32m    294[0m                 name[38;5;241m=[39mname,
[0;32m    295[0m                 pname[38;5;241m=[39m[38;5;28mself[39m[38;5;241m.[39mparent_name,
[0;32m    296[0m                 typ[38;5;241m=[39mtype_str(v),
[0;32m    297[0m                 v[38;5;241m=[39m[38;5;28mrepr[39m(v),
[0;32m    298[0m                 valid_clr_desc[38;5;241m=[39m[38;5;28mself[39m[38;5;241m.[39mdescription(),
[0;32m    299[0m             )
[0;32m    300[0m         )

[1;31mValueError[0m: 
    Invalid value of type 'builtins.list' received for the 'colorscale' property of heatmap
        Received value: [(0, '#59595b'), (1.0449438202247192, '#FFFFFF'), (1, '#fc7703')]

    The 'colorscale' property is a colorscale and may be
    specified as:
      - A list of colors that will be spaced evenly to create the colorscale.
        Many predefined colorscale lists are included in the sequential, diverging,
        and cyclical modules in the plotly.colors package.
      - A list of 2-element lists where the first element is the
        normalized color level value (starting at 0 and ending at 1),
        and the second item is a valid color string.
        (e.g. [[0, 'green'], [0.5, 'red'], [1.0, 'rgb(0, 0, 255)']])
      - One of the following named colorscales:
            ['aggrnyl', 'agsunset', 'algae', 'amp', 'armyrose', 'balance',
             'blackbody', 'bluered', 'blues', 'blugrn', 'bluyl', 'brbg',
             'brwnyl', 'bugn', 'bupu', 'burg', 'burgyl', 'cividis', 'curl',
             'darkmint', 'deep', 'delta', 'dense', 'earth', 'edge', 'electric',
             'emrld', 'fall', 'geyser', 'gnbu', 'gray', 'greens', 'greys',
             'haline', 'hot', 'hsv', 'ice', 'icefire', 'inferno', 'jet',
             'magenta', 'magma', 'matter', 'mint', 'mrybm', 'mygbm', 'oranges',
             'orrd', 'oryel', 'oxy', 'peach', 'phase', 'picnic', 'pinkyl',
             'piyg', 'plasma', 'plotly3', 'portland', 'prgn', 'pubu', 'pubugn',
             'puor', 'purd', 'purp', 'purples', 'purpor', 'rainbow', 'rdbu',
             'rdgy', 'rdpu', 'rdylbu', 'rdylgn', 'redor', 'reds', 'solar',
             'spectral', 'speed', 'sunset', 'sunsetdark', 'teal', 'tealgrn',
             'tealrose', 'tempo', 'temps', 'thermal', 'tropic', 'turbid',
             'turbo', 'twilight', 'viridis', 'ylgn', 'ylgnbu', 'ylorbr',
             'ylorrd'].
        Appending '_r' to a named colorscale reverses it.

ValueError: 
    Invalid value of type 'builtins.list' received for the 'colorscale' property of heatmap
        Received value: [(0, '#59595b'), (1.0449438202247192, '#FFFFFF'), (1, '#fc7703')]

    The 'colorscale' property is a colorscale and may be
    specified as:
      - A list of colors that will be spaced evenly to create the colorscale.
        Many predefined colorscale lists are included in the sequential, diverging,
        and cyclical modules in the plotly.colors package.
      - A list of 2-element lists where the first element is the
        normalized color level value (starting at 0 and ending at 1),
        and the second item is a valid color string.
        (e.g. [[0, 'green'], [0.5, 'red'], [1.0, 'rgb(0, 0, 255)']])
      - One of the following named colorscales:
            ['aggrnyl', 'agsunset', 'algae', 'amp', 'armyrose', 'balance',
             'blackbody', 'bluered', 'blues', 'blugrn', 'bluyl', 'brbg',
             'brwnyl', 'bugn', 'bupu', 'burg', 'burgyl', 'cividis', 'curl',
             'darkmint', 'deep', 'delta', 'dense', 'earth', 'edge', 'electric',
             'emrld', 'fall', 'geyser', 'gnbu', 'gray', 'greens', 'greys',
             'haline', 'hot', 'hsv', 'ice', 'icefire', 'inferno', 'jet',
             'magenta', 'magma', 'matter', 'mint', 'mrybm', 'mygbm', 'oranges',
             'orrd', 'oryel', 'oxy', 'peach', 'phase', 'picnic', 'pinkyl',
             'piyg', 'plasma', 'plotly3', 'portland', 'prgn', 'pubu', 'pubugn',
             'puor', 'purd', 'purp', 'purples', 'purpor', 'rainbow', 'rdbu',
             'rdgy', 'rdpu', 'rdylbu', 'rdylgn', 'redor', 'reds', 'solar',
             'spectral', 'speed', 'sunset', 'sunsetdark', 'teal', 'tealgrn',
             'tealrose', 'tempo', 'temps', 'thermal', 'tropic', 'turbid',
             'turbo', 'twilight', 'viridis', 'ylgn', 'ylgnbu', 'ylorbr',
             'ylorrd'].
        Appending '_r' to a named colorscale reverses it.


